' FFT (without bit reversal?)
'
'
n%=16
s%=1
DIM signal(n%,2)
FOR i%=0 TO n%-1
  READ d
  signal(i%,0)=d
  signal(i%,1)=0
NEXT i%
fft(signal(),n%,s%)
END
sig:
DATA 1,1,1,1,1,1,1,1,0,0,0,0,0,0,0,0
PROCEDURE fft(VAR s(),n%,s%)
  LOCAL n%,s%
  IF n%=1
    s(0,0)=s(0,0)*COS(2*3.14159)
    s(0,1)=-SIN(2*3.14159)
  ELSE
    DIM x_even(n%/2,2),x_odd(n%/2,2)
    FOR i%=0 TO n%-1 STEP 2
      x_even(i%,0)=s(i%,0)
      x_even(i%,1)=s(i%,1)
      x_odd(i%+1,0)=s(i%+1,0)
      x_odd(i%+1,1)=s(i%+1,1)
    NEXT i%
    fft(x_odd(),n%/2,2*s%)
    fft(x_even(),n%/2,2*s%)
  RETURN
